Started GET "/" for 127.0.0.1 at 2018-10-26 14:30:13 +0800
Processing by Rails::WelcomeController#index as HTML
  Rendering /Users/leizellectura/.rbenv/versions/2.5.3/lib/ruby/gems/2.5.0/gems/railties-5.2.1/lib/rails/templates/rails/welcome/index.html.erb
  Rendered /Users/leizellectura/.rbenv/versions/2.5.3/lib/ruby/gems/2.5.0/gems/railties-5.2.1/lib/rails/templates/rails/welcome/index.html.erb (2.6ms)
Completed 200 OK in 18ms (Views: 8.9ms | ActiveRecord: 0.0ms)


Started GET "/" for 127.0.0.1 at 2018-10-26 14:31:09 +0800
Processing by Rails::WelcomeController#index as HTML
  Rendering /Users/leizellectura/.rbenv/versions/2.5.3/lib/ruby/gems/2.5.0/gems/railties-5.2.1/lib/rails/templates/rails/welcome/index.html.erb
  Rendered /Users/leizellectura/.rbenv/versions/2.5.3/lib/ruby/gems/2.5.0/gems/railties-5.2.1/lib/rails/templates/rails/welcome/index.html.erb (2.6ms)
Completed 200 OK in 16ms (Views: 7.5ms | ActiveRecord: 0.0ms)


Started GET "/" for 127.0.0.1 at 2018-10-26 14:33:43 +0800
Started GET "/my_blogs/new" for 127.0.0.1 at 2018-10-26 14:33:53 +0800
  
ActiveRecord::PendingMigrationError (

Migrations are pending. To resolve this issue, run:

        bin/rails db:migrate RAILS_ENV=development

):
  
activerecord (5.2.1) lib/active_record/migration.rb:579:in `check_pending!'
activerecord (5.2.1) lib/active_record/migration.rb:556:in `call'
actionpack (5.2.1) lib/action_dispatch/middleware/callbacks.rb:28:in `block in call'
activesupport (5.2.1) lib/active_support/callbacks.rb:98:in `run_callbacks'
actionpack (5.2.1) lib/action_dispatch/middleware/callbacks.rb:26:in `call'
actionpack (5.2.1) lib/action_dispatch/middleware/executor.rb:14:in `call'
actionpack (5.2.1) lib/action_dispatch/middleware/debug_exceptions.rb:61:in `call'
web-console (3.7.0) lib/web_console/middleware.rb:135:in `call_app'
web-console (3.7.0) lib/web_console/middleware.rb:30:in `block in call'
web-console (3.7.0) lib/web_console/middleware.rb:20:in `catch'
web-console (3.7.0) lib/web_console/middleware.rb:20:in `call'
actionpack (5.2.1) lib/action_dispatch/middleware/show_exceptions.rb:33:in `call'
railties (5.2.1) lib/rails/rack/logger.rb:38:in `call_app'
railties (5.2.1) lib/rails/rack/logger.rb:26:in `block in call'
activesupport (5.2.1) lib/active_support/tagged_logging.rb:71:in `block in tagged'
activesupport (5.2.1) lib/active_support/tagged_logging.rb:28:in `tagged'
activesupport (5.2.1) lib/active_support/tagged_logging.rb:71:in `tagged'
railties (5.2.1) lib/rails/rack/logger.rb:26:in `call'
sprockets-rails (3.2.1) lib/sprockets/rails/quiet_assets.rb:13:in `call'
actionpack (5.2.1) lib/action_dispatch/middleware/remote_ip.rb:81:in `call'
actionpack (5.2.1) lib/action_dispatch/middleware/request_id.rb:27:in `call'
rack (2.0.5) lib/rack/method_override.rb:22:in `call'
rack (2.0.5) lib/rack/runtime.rb:22:in `call'
activesupport (5.2.1) lib/active_support/cache/strategy/local_cache_middleware.rb:29:in `call'
actionpack (5.2.1) lib/action_dispatch/middleware/executor.rb:14:in `call'
actionpack (5.2.1) lib/action_dispatch/middleware/static.rb:127:in `call'
rack (2.0.5) lib/rack/sendfile.rb:111:in `call'
railties (5.2.1) lib/rails/engine.rb:524:in `call'
puma (3.12.0) lib/puma/configuration.rb:225:in `call'
puma (3.12.0) lib/puma/server.rb:658:in `handle_request'
puma (3.12.0) lib/puma/server.rb:472:in `process_client'
puma (3.12.0) lib/puma/server.rb:332:in `block in run'
puma (3.12.0) lib/puma/thread_pool.rb:133:in `block in spawn_thread'
  
ActiveRecord::PendingMigrationError (

Migrations are pending. To resolve this issue, run:

        bin/rails db:migrate RAILS_ENV=development

):
  
activerecord (5.2.1) lib/active_record/migration.rb:579:in `check_pending!'
activerecord (5.2.1) lib/active_record/migration.rb:556:in `call'
actionpack (5.2.1) lib/action_dispatch/middleware/callbacks.rb:28:in `block in call'
activesupport (5.2.1) lib/active_support/callbacks.rb:98:in `run_callbacks'
actionpack (5.2.1) lib/action_dispatch/middleware/callbacks.rb:26:in `call'
actionpack (5.2.1) lib/action_dispatch/middleware/executor.rb:14:in `call'
actionpack (5.2.1) lib/action_dispatch/middleware/debug_exceptions.rb:61:in `call'
web-console (3.7.0) lib/web_console/middleware.rb:135:in `call_app'
web-console (3.7.0) lib/web_console/middleware.rb:30:in `block in call'
web-console (3.7.0) lib/web_console/middleware.rb:20:in `catch'
web-console (3.7.0) lib/web_console/middleware.rb:20:in `call'
actionpack (5.2.1) lib/action_dispatch/middleware/show_exceptions.rb:33:in `call'
railties (5.2.1) lib/rails/rack/logger.rb:38:in `call_app'
railties (5.2.1) lib/rails/rack/logger.rb:26:in `block in call'
activesupport (5.2.1) lib/active_support/tagged_logging.rb:71:in `block in tagged'
activesupport (5.2.1) lib/active_support/tagged_logging.rb:28:in `tagged'
activesupport (5.2.1) lib/active_support/tagged_logging.rb:71:in `tagged'
railties (5.2.1) lib/rails/rack/logger.rb:26:in `call'
sprockets-rails (3.2.1) lib/sprockets/rails/quiet_assets.rb:13:in `call'
actionpack (5.2.1) lib/action_dispatch/middleware/remote_ip.rb:81:in `call'
actionpack (5.2.1) lib/action_dispatch/middleware/request_id.rb:27:in `call'
rack (2.0.5) lib/rack/method_override.rb:22:in `call'
rack (2.0.5) lib/rack/runtime.rb:22:in `call'
activesupport (5.2.1) lib/active_support/cache/strategy/local_cache_middleware.rb:29:in `call'
actionpack (5.2.1) lib/action_dispatch/middleware/executor.rb:14:in `call'
actionpack (5.2.1) lib/action_dispatch/middleware/static.rb:127:in `call'
rack (2.0.5) lib/rack/sendfile.rb:111:in `call'
railties (5.2.1) lib/rails/engine.rb:524:in `call'
puma (3.12.0) lib/puma/configuration.rb:225:in `call'
puma (3.12.0) lib/puma/server.rb:658:in `handle_request'
puma (3.12.0) lib/puma/server.rb:472:in `process_client'
puma (3.12.0) lib/puma/server.rb:332:in `block in run'
puma (3.12.0) lib/puma/thread_pool.rb:133:in `block in spawn_thread'
  [1m[35m (1.0ms)[0m  [1m[34mSELECT sqlite_version(*)[0m
  ↳ bin/rails:9
  [1m[35m (2.0ms)[0m  [1m[35mCREATE TABLE "schema_migrations" ("version" varchar NOT NULL PRIMARY KEY)[0m
  ↳ bin/rails:9
  [1m[35m (1.5ms)[0m  [1m[35mCREATE TABLE "ar_internal_metadata" ("key" varchar NOT NULL PRIMARY KEY, "value" varchar, "created_at" datetime NOT NULL, "updated_at" datetime NOT NULL)[0m
  ↳ bin/rails:9
  [1m[35m (0.2ms)[0m  [1m[34mSELECT "schema_migrations"."version" FROM "schema_migrations" ORDER BY "schema_migrations"."version" ASC[0m
  ↳ bin/rails:9
Migrating to CreateMyBlogs (20181026063303)
  [1m[35m (0.1ms)[0m  [1m[36mbegin transaction[0m
  ↳ bin/rails:9
  [1m[35m (0.4ms)[0m  [1m[35mCREATE TABLE "my_blogs" ("id" integer PRIMARY KEY AUTOINCREMENT NOT NULL, "title" varchar, "text" text, "created_at" datetime NOT NULL, "updated_at" datetime NOT NULL)[0m
  ↳ db/migrate/20181026063303_create_my_blogs.rb:3
  [1m[36mActiveRecord::SchemaMigration Create (0.2ms)[0m  [1m[32mINSERT INTO "schema_migrations" ("version") VALUES (?)[0m  [["version", "20181026063303"]]
  ↳ bin/rails:9
  [1m[35m (1.4ms)[0m  [1m[36mcommit transaction[0m
  ↳ bin/rails:9
  [1m[36mActiveRecord::InternalMetadata Load (0.2ms)[0m  [1m[34mSELECT  "ar_internal_metadata".* FROM "ar_internal_metadata" WHERE "ar_internal_metadata"."key" = ? LIMIT ?[0m  [["key", "environment"], ["LIMIT", 1]]
  ↳ bin/rails:9
  [1m[35m (0.0ms)[0m  [1m[36mbegin transaction[0m
  ↳ bin/rails:9
  [1m[36mActiveRecord::InternalMetadata Create (0.3ms)[0m  [1m[32mINSERT INTO "ar_internal_metadata" ("key", "value", "created_at", "updated_at") VALUES (?, ?, ?, ?)[0m  [["key", "environment"], ["value", "development"], ["created_at", "2018-10-26 06:34:07.355085"], ["updated_at", "2018-10-26 06:34:07.355085"]]
  ↳ bin/rails:9
  [1m[35m (0.9ms)[0m  [1m[36mcommit transaction[0m
  ↳ bin/rails:9
  [1m[35m (0.1ms)[0m  [1m[34mSELECT "schema_migrations"."version" FROM "schema_migrations" ORDER BY "schema_migrations"."version" ASC[0m
  ↳ bin/rails:9
Started GET "/" for 127.0.0.1 at 2018-10-26 14:34:37 +0800
  [1m[35m (0.1ms)[0m  [1m[34mSELECT "schema_migrations"."version" FROM "schema_migrations" ORDER BY "schema_migrations"."version" ASC[0m
  ↳ /Users/leizellectura/.rbenv/versions/2.5.3/lib/ruby/gems/2.5.0/gems/activerecord-5.2.1/lib/active_record/log_subscriber.rb:98
Processing by Rails::WelcomeController#index as HTML
  Rendering /Users/leizellectura/.rbenv/versions/2.5.3/lib/ruby/gems/2.5.0/gems/railties-5.2.1/lib/rails/templates/rails/welcome/index.html.erb
  Rendered /Users/leizellectura/.rbenv/versions/2.5.3/lib/ruby/gems/2.5.0/gems/railties-5.2.1/lib/rails/templates/rails/welcome/index.html.erb (1.7ms)
Completed 200 OK in 8ms (Views: 4.9ms | ActiveRecord: 0.0ms)


Started GET "/" for 127.0.0.1 at 2018-10-26 14:34:41 +0800
Processing by Rails::WelcomeController#index as HTML
  Rendering /Users/leizellectura/.rbenv/versions/2.5.3/lib/ruby/gems/2.5.0/gems/railties-5.2.1/lib/rails/templates/rails/welcome/index.html.erb
  Rendered /Users/leizellectura/.rbenv/versions/2.5.3/lib/ruby/gems/2.5.0/gems/railties-5.2.1/lib/rails/templates/rails/welcome/index.html.erb (1.6ms)
Completed 200 OK in 7ms (Views: 4.4ms | ActiveRecord: 0.0ms)


Started GET "/my_blogs/new" for 127.0.0.1 at 2018-10-26 14:34:43 +0800
Processing by MyBlogsController#new as HTML
  Rendering my_blogs/new.html.erb within layouts/application
  Rendered my_blogs/_form.html.erb (14.6ms)
  Rendered my_blogs/new.html.erb within layouts/application (16.8ms)
Completed 200 OK in 371ms (Views: 362.6ms | ActiveRecord: 0.6ms)


Started GET "/my_blogs/new" for 127.0.0.1 at 2018-10-26 14:34:46 +0800
Processing by MyBlogsController#new as HTML
  Rendering my_blogs/new.html.erb within layouts/application
  Rendered my_blogs/_form.html.erb (1.6ms)
  Rendered my_blogs/new.html.erb within layouts/application (3.5ms)
Completed 200 OK in 20ms (Views: 17.9ms | ActiveRecord: 0.0ms)


Started GET "/my_blogs/new" for 127.0.0.1 at 2018-10-26 14:34:47 +0800
Processing by MyBlogsController#new as HTML
  Rendering my_blogs/new.html.erb within layouts/application
  Rendered my_blogs/_form.html.erb (1.4ms)
  Rendered my_blogs/new.html.erb within layouts/application (3.5ms)
Completed 200 OK in 24ms (Views: 22.0ms | ActiveRecord: 0.0ms)


Started POST "/my_blogs" for 127.0.0.1 at 2018-10-26 14:37:59 +0800
Processing by MyBlogsController#create as HTML
  Parameters: {"utf8"=>"✓", "authenticity_token"=>"Q8OULzMiWVjYuIqYjlBlvGYnqYmAZx8ME/V1EiSLklS+141i22D2400NXHXzCuDYk5miH3lI315CsgcsZLuH2A==", "my_blog"=>{"title"=>"Yzel's Blog on Rails", "text"=>"Learnings shared by Pat"}, "commit"=>"Create My blog"}
  [1m[35m (0.1ms)[0m  [1m[36mbegin transaction[0m
  ↳ app/controllers/my_blogs_controller.rb:30
  [1m[36mMyBlog Create (0.4ms)[0m  [1m[32mINSERT INTO "my_blogs" ("title", "text", "created_at", "updated_at") VALUES (?, ?, ?, ?)[0m  [["title", "Yzel's Blog on Rails"], ["text", "Learnings shared by Pat"], ["created_at", "2018-10-26 06:37:59.467539"], ["updated_at", "2018-10-26 06:37:59.467539"]]
  ↳ app/controllers/my_blogs_controller.rb:30
  [1m[35m (1.1ms)[0m  [1m[36mcommit transaction[0m
  ↳ app/controllers/my_blogs_controller.rb:30
Redirected to http://localhost:3000/my_blogs/1
Completed 302 Found in 5ms (ActiveRecord: 1.5ms)


Started GET "/my_blogs/1" for 127.0.0.1 at 2018-10-26 14:37:59 +0800
Processing by MyBlogsController#show as HTML
  Parameters: {"id"=>"1"}
  [1m[36mMyBlog Load (0.2ms)[0m  [1m[34mSELECT  "my_blogs".* FROM "my_blogs" WHERE "my_blogs"."id" = ? LIMIT ?[0m  [["id", 1], ["LIMIT", 1]]
  ↳ app/controllers/my_blogs_controller.rb:67
  Rendering my_blogs/show.html.erb within layouts/application
  Rendered my_blogs/show.html.erb within layouts/application (0.7ms)
Completed 200 OK in 21ms (Views: 16.6ms | ActiveRecord: 0.2ms)


Started GET "/my_blogs/1" for 127.0.0.1 at 2018-10-26 14:38:14 +0800
Processing by MyBlogsController#show as HTML
  Parameters: {"id"=>"1"}
  [1m[36mMyBlog Load (0.1ms)[0m  [1m[34mSELECT  "my_blogs".* FROM "my_blogs" WHERE "my_blogs"."id" = ? LIMIT ?[0m  [["id", 1], ["LIMIT", 1]]
  ↳ app/controllers/my_blogs_controller.rb:67
  Rendering my_blogs/show.html.erb within layouts/application
  Rendered my_blogs/show.html.erb within layouts/application (0.5ms)
Completed 200 OK in 29ms (Views: 26.8ms | ActiveRecord: 0.1ms)


Started GET "/my_blogs/index" for 127.0.0.1 at 2018-10-26 14:38:16 +0800
Processing by MyBlogsController#show as HTML
  Parameters: {"id"=>"index"}
  [1m[36mMyBlog Load (0.1ms)[0m  [1m[34mSELECT  "my_blogs".* FROM "my_blogs" WHERE "my_blogs"."id" = ? LIMIT ?[0m  [["id", 0], ["LIMIT", 1]]
  ↳ app/controllers/my_blogs_controller.rb:67
Completed 404 Not Found in 1ms (ActiveRecord: 0.1ms)


  
ActiveRecord::RecordNotFound (Couldn't find MyBlog with 'id'=index):
  
app/controllers/my_blogs_controller.rb:67:in `set_my_blog'
Started GET "/my_blogs/index" for 127.0.0.1 at 2018-10-26 14:38:22 +0800
Processing by MyBlogsController#show as HTML
  Parameters: {"id"=>"index"}
  [1m[36mMyBlog Load (0.1ms)[0m  [1m[34mSELECT  "my_blogs".* FROM "my_blogs" WHERE "my_blogs"."id" = ? LIMIT ?[0m  [["id", 0], ["LIMIT", 1]]
  ↳ app/controllers/my_blogs_controller.rb:67
Completed 404 Not Found in 1ms (ActiveRecord: 0.1ms)


  
ActiveRecord::RecordNotFound (Couldn't find MyBlog with 'id'=index):
  
app/controllers/my_blogs_controller.rb:67:in `set_my_blog'
Started GET "/my_blogs/" for 127.0.0.1 at 2018-10-26 14:38:23 +0800
Processing by MyBlogsController#index as HTML
  Rendering my_blogs/index.html.erb within layouts/application
  [1m[36mMyBlog Load (0.1ms)[0m  [1m[34mSELECT "my_blogs".* FROM "my_blogs"[0m
  ↳ app/views/my_blogs/index.html.erb:15
  Rendered my_blogs/index.html.erb within layouts/application (1.6ms)
Completed 200 OK in 21ms (Views: 18.7ms | ActiveRecord: 0.1ms)


Started GET "/my_blogs/1" for 127.0.0.1 at 2018-10-26 14:38:39 +0800
Processing by MyBlogsController#show as HTML
  Parameters: {"id"=>"1"}
  [1m[36mMyBlog Load (0.1ms)[0m  [1m[34mSELECT  "my_blogs".* FROM "my_blogs" WHERE "my_blogs"."id" = ? LIMIT ?[0m  [["id", 1], ["LIMIT", 1]]
  ↳ app/controllers/my_blogs_controller.rb:67
  Rendering my_blogs/show.html.erb within layouts/application
  Rendered my_blogs/show.html.erb within layouts/application (0.5ms)
Completed 200 OK in 20ms (Views: 18.0ms | ActiveRecord: 0.1ms)


Started GET "/my_blogs/1/edit" for 127.0.0.1 at 2018-10-26 14:38:44 +0800
Processing by MyBlogsController#edit as HTML
  Parameters: {"id"=>"1"}
  [1m[36mMyBlog Load (0.1ms)[0m  [1m[34mSELECT  "my_blogs".* FROM "my_blogs" WHERE "my_blogs"."id" = ? LIMIT ?[0m  [["id", 1], ["LIMIT", 1]]
  ↳ app/controllers/my_blogs_controller.rb:67
  Rendering my_blogs/edit.html.erb within layouts/application
  Rendered my_blogs/_form.html.erb (1.9ms)
  Rendered my_blogs/edit.html.erb within layouts/application (4.1ms)
Completed 200 OK in 23ms (Views: 19.4ms | ActiveRecord: 0.1ms)


Started GET "/my_blogs" for 127.0.0.1 at 2018-10-26 14:39:03 +0800
Processing by MyBlogsController#index as HTML
  Rendering my_blogs/index.html.erb within layouts/application
  [1m[36mMyBlog Load (0.3ms)[0m  [1m[34mSELECT "my_blogs".* FROM "my_blogs"[0m
  ↳ app/views/my_blogs/index.html.erb:15
  Rendered my_blogs/index.html.erb within layouts/application (3.4ms)
Completed 200 OK in 25ms (Views: 23.3ms | ActiveRecord: 0.3ms)


Started GET "/my_blogs/" for 127.0.0.1 at 2018-10-26 14:39:07 +0800
Processing by MyBlogsController#index as HTML
  Rendering my_blogs/index.html.erb within layouts/application
  [1m[36mMyBlog Load (0.1ms)[0m  [1m[34mSELECT "my_blogs".* FROM "my_blogs"[0m
  ↳ app/views/my_blogs/index.html.erb:15
  Rendered my_blogs/index.html.erb within layouts/application (1.2ms)
Completed 200 OK in 16ms (Views: 14.0ms | ActiveRecord: 0.1ms)


Started GET "/my_blogs/new" for 127.0.0.1 at 2018-10-26 14:39:08 +0800
Processing by MyBlogsController#new as HTML
  Rendering my_blogs/new.html.erb within layouts/application
  Rendered my_blogs/_form.html.erb (1.2ms)
  Rendered my_blogs/new.html.erb within layouts/application (2.9ms)
Completed 200 OK in 20ms (Views: 17.0ms | ActiveRecord: 0.0ms)


Started GET "/my_blogs/new" for 127.0.0.1 at 2018-10-26 14:39:10 +0800
Processing by MyBlogsController#new as HTML
  Rendering my_blogs/new.html.erb within layouts/application
  Rendered my_blogs/_form.html.erb (2.1ms)
  Rendered my_blogs/new.html.erb within layouts/application (4.1ms)
Completed 200 OK in 20ms (Views: 18.5ms | ActiveRecord: 0.0ms)


Started GET "/my_blogs/new/1/edit" for 127.0.0.1 at 2018-10-26 14:40:08 +0800
  
ActionController::RoutingError (No route matches [GET] "/my_blogs/new/1/edit"):
  
actionpack (5.2.1) lib/action_dispatch/middleware/debug_exceptions.rb:65:in `call'
web-console (3.7.0) lib/web_console/middleware.rb:135:in `call_app'
web-console (3.7.0) lib/web_console/middleware.rb:30:in `block in call'
web-console (3.7.0) lib/web_console/middleware.rb:20:in `catch'
web-console (3.7.0) lib/web_console/middleware.rb:20:in `call'
actionpack (5.2.1) lib/action_dispatch/middleware/show_exceptions.rb:33:in `call'
railties (5.2.1) lib/rails/rack/logger.rb:38:in `call_app'
railties (5.2.1) lib/rails/rack/logger.rb:26:in `block in call'
activesupport (5.2.1) lib/active_support/tagged_logging.rb:71:in `block in tagged'
activesupport (5.2.1) lib/active_support/tagged_logging.rb:28:in `tagged'
activesupport (5.2.1) lib/active_support/tagged_logging.rb:71:in `tagged'
railties (5.2.1) lib/rails/rack/logger.rb:26:in `call'
sprockets-rails (3.2.1) lib/sprockets/rails/quiet_assets.rb:13:in `call'
actionpack (5.2.1) lib/action_dispatch/middleware/remote_ip.rb:81:in `call'
actionpack (5.2.1) lib/action_dispatch/middleware/request_id.rb:27:in `call'
rack (2.0.5) lib/rack/method_override.rb:22:in `call'
rack (2.0.5) lib/rack/runtime.rb:22:in `call'
activesupport (5.2.1) lib/active_support/cache/strategy/local_cache_middleware.rb:29:in `call'
actionpack (5.2.1) lib/action_dispatch/middleware/executor.rb:14:in `call'
actionpack (5.2.1) lib/action_dispatch/middleware/static.rb:127:in `call'
rack (2.0.5) lib/rack/sendfile.rb:111:in `call'
railties (5.2.1) lib/rails/engine.rb:524:in `call'
puma (3.12.0) lib/puma/configuration.rb:225:in `call'
puma (3.12.0) lib/puma/server.rb:658:in `handle_request'
puma (3.12.0) lib/puma/server.rb:472:in `process_client'
puma (3.12.0) lib/puma/server.rb:332:in `block in run'
puma (3.12.0) lib/puma/thread_pool.rb:133:in `block in spawn_thread'
Started GET "/my_blogs/1/edit" for 127.0.0.1 at 2018-10-26 14:40:17 +0800
Processing by MyBlogsController#edit as HTML
  Parameters: {"id"=>"1"}
  [1m[36mMyBlog Load (0.1ms)[0m  [1m[34mSELECT  "my_blogs".* FROM "my_blogs" WHERE "my_blogs"."id" = ? LIMIT ?[0m  [["id", 1], ["LIMIT", 1]]
  ↳ app/controllers/my_blogs_controller.rb:67
  Rendering my_blogs/edit.html.erb within layouts/application
  Rendered my_blogs/_form.html.erb (1.5ms)
  Rendered my_blogs/edit.html.erb within layouts/application (3.3ms)
Completed 200 OK in 20ms (Views: 17.2ms | ActiveRecord: 0.1ms)


Started GET "/my_blogs/1/edit" for 127.0.0.1 at 2018-10-26 14:40:19 +0800
Processing by MyBlogsController#edit as HTML
  Parameters: {"id"=>"1"}
  [1m[36mMyBlog Load (0.1ms)[0m  [1m[34mSELECT  "my_blogs".* FROM "my_blogs" WHERE "my_blogs"."id" = ? LIMIT ?[0m  [["id", 1], ["LIMIT", 1]]
  ↳ app/controllers/my_blogs_controller.rb:67
  Rendering my_blogs/edit.html.erb within layouts/application
  Rendered my_blogs/_form.html.erb (1.5ms)
  Rendered my_blogs/edit.html.erb within layouts/application (3.9ms)
Completed 200 OK in 30ms (Views: 27.3ms | ActiveRecord: 0.1ms)


Started GET "/my_blogs/1" for 127.0.0.1 at 2018-10-26 14:53:40 +0800
  [1m[35m (0.1ms)[0m  [1m[34mSELECT "schema_migrations"."version" FROM "schema_migrations" ORDER BY "schema_migrations"."version" ASC[0m
  ↳ /Users/leizellectura/.rbenv/versions/2.5.3/lib/ruby/gems/2.5.0/gems/activerecord-5.2.1/lib/active_record/log_subscriber.rb:98
Processing by MyBlogsController#show as HTML
  Parameters: {"id"=>"1"}
  [1m[36mMyBlog Load (0.1ms)[0m  [1m[34mSELECT  "my_blogs".* FROM "my_blogs" WHERE "my_blogs"."id" = ? LIMIT ?[0m  [["id", 1], ["LIMIT", 1]]
  ↳ app/controllers/my_blogs_controller.rb:67
  Rendering my_blogs/show.html.erb within layouts/application
  Rendered my_blogs/show.html.erb within layouts/application (1.7ms)
Completed 200 OK in 183ms (Views: 168.5ms | ActiveRecord: 0.6ms)


Started GET "/my_blogs/1/edit" for 127.0.0.1 at 2018-10-26 14:53:49 +0800
Processing by MyBlogsController#edit as HTML
  Parameters: {"id"=>"1"}
  [1m[36mMyBlog Load (0.3ms)[0m  [1m[34mSELECT  "my_blogs".* FROM "my_blogs" WHERE "my_blogs"."id" = ? LIMIT ?[0m  [["id", 1], ["LIMIT", 1]]
  ↳ app/controllers/my_blogs_controller.rb:67
  Rendering my_blogs/edit.html.erb within layouts/application
  Rendered my_blogs/_form.html.erb (4.6ms)
  Rendered my_blogs/edit.html.erb within layouts/application (7.4ms)
Completed 200 OK in 34ms (Views: 28.0ms | ActiveRecord: 0.3ms)


Started PATCH "/my_blogs/1" for 127.0.0.1 at 2018-10-26 14:54:29 +0800
Processing by MyBlogsController#update as HTML
  Parameters: {"utf8"=>"✓", "authenticity_token"=>"HD4FH3LfbDjOYAlg1NGi/cgBoAuB1ex7L/UJH564GcBJBhZy5hYiftAdISnMqSR5OYVWVBd0w8ctOQ9vIVVbig==", "my_blog"=>{"title"=>"Learnings on Developers Training ", "text"=>"AHA moment on the installations and commands shared by Pat, very exiting and challenging."}, "commit"=>"Update My blog", "id"=>"1"}
  [1m[36mMyBlog Load (0.2ms)[0m  [1m[34mSELECT  "my_blogs".* FROM "my_blogs" WHERE "my_blogs"."id" = ? LIMIT ?[0m  [["id", 1], ["LIMIT", 1]]
  ↳ app/controllers/my_blogs_controller.rb:67
  [1m[35m (0.0ms)[0m  [1m[36mbegin transaction[0m
  ↳ app/controllers/my_blogs_controller.rb:44
  [1m[36mMyBlog Update (0.5ms)[0m  [1m[33mUPDATE "my_blogs" SET "title" = ?, "text" = ?, "updated_at" = ? WHERE "my_blogs"."id" = ?[0m  [["title", "Learnings on Developers Training "], ["text", "AHA moment on the installations and commands shared by Pat, very exiting and challenging."], ["updated_at", "2018-10-26 06:54:29.731701"], ["id", 1]]
  ↳ app/controllers/my_blogs_controller.rb:44
  [1m[35m (1.6ms)[0m  [1m[36mcommit transaction[0m
  ↳ app/controllers/my_blogs_controller.rb:44
Redirected to http://localhost:3000/my_blogs/1
Completed 302 Found in 6ms (ActiveRecord: 2.3ms)


Started GET "/my_blogs/1" for 127.0.0.1 at 2018-10-26 14:54:29 +0800
Processing by MyBlogsController#show as HTML
  Parameters: {"id"=>"1"}
  [1m[36mMyBlog Load (0.2ms)[0m  [1m[34mSELECT  "my_blogs".* FROM "my_blogs" WHERE "my_blogs"."id" = ? LIMIT ?[0m  [["id", 1], ["LIMIT", 1]]
  ↳ app/controllers/my_blogs_controller.rb:67
  Rendering my_blogs/show.html.erb within layouts/application
  Rendered my_blogs/show.html.erb within layouts/application (0.7ms)
Completed 200 OK in 18ms (Views: 15.5ms | ActiveRecord: 0.2ms)


Started GET "/my_blogs/1/edit" for 127.0.0.1 at 2018-10-26 15:00:38 +0800
Processing by MyBlogsController#edit as HTML
  Parameters: {"id"=>"1"}
  [1m[36mMyBlog Load (0.1ms)[0m  [1m[34mSELECT  "my_blogs".* FROM "my_blogs" WHERE "my_blogs"."id" = ? LIMIT ?[0m  [["id", 1], ["LIMIT", 1]]
  ↳ app/controllers/my_blogs_controller.rb:67
  Rendering my_blogs/edit.html.erb within layouts/application
  Rendered my_blogs/_form.html.erb (1.4ms)
  Rendered my_blogs/edit.html.erb within layouts/application (3.3ms)
Completed 200 OK in 33ms (Views: 30.3ms | ActiveRecord: 0.1ms)


Started GET "/my_blogs/1/edit" for 127.0.0.1 at 2018-10-26 15:00:40 +0800
Processing by MyBlogsController#edit as HTML
  Parameters: {"id"=>"1"}
  [1m[36mMyBlog Load (17.4ms)[0m  [1m[34mSELECT  "my_blogs".* FROM "my_blogs" WHERE "my_blogs"."id" = ? LIMIT ?[0m  [["id", 1], ["LIMIT", 1]]
  ↳ app/controllers/my_blogs_controller.rb:67
  Rendering my_blogs/edit.html.erb within layouts/application
  Rendered my_blogs/_form.html.erb (1.6ms)
  Rendered my_blogs/edit.html.erb within layouts/application (3.8ms)
Completed 200 OK in 45ms (Views: 23.4ms | ActiveRecord: 17.4ms)


Started PATCH "/my_blogs/1" for 127.0.0.1 at 2018-10-26 15:01:18 +0800
Processing by MyBlogsController#update as HTML
  Parameters: {"utf8"=>"✓", "authenticity_token"=>"Kb3E7ZCxJzeA3k+D06jzQAGkGvvPVSqGuv8KtbEK46fUqd2gePOIjBVrmW6u8nYk9BoRbTZ66tTruHiL8Tr2Kw==", "my_blog"=>{"title"=>"Learnings on Developers Training ", "text"=>"AHA moment on the installations and commands shared by Pat, very exiting and challenging. I need to be familiarised with rails commands."}, "commit"=>"Update My blog", "id"=>"1"}
  [1m[36mMyBlog Load (0.1ms)[0m  [1m[34mSELECT  "my_blogs".* FROM "my_blogs" WHERE "my_blogs"."id" = ? LIMIT ?[0m  [["id", 1], ["LIMIT", 1]]
  ↳ app/controllers/my_blogs_controller.rb:67
  [1m[35m (0.0ms)[0m  [1m[36mbegin transaction[0m
  ↳ app/controllers/my_blogs_controller.rb:44
  [1m[36mMyBlog Update (0.3ms)[0m  [1m[33mUPDATE "my_blogs" SET "text" = ?, "updated_at" = ? WHERE "my_blogs"."id" = ?[0m  [["text", "AHA moment on the installations and commands shared by Pat, very exiting and challenging. I need to be familiarised with rails commands."], ["updated_at", "2018-10-26 07:01:18.733763"], ["id", 1]]
  ↳ app/controllers/my_blogs_controller.rb:44
  [1m[35m (2.3ms)[0m  [1m[36mcommit transaction[0m
  ↳ app/controllers/my_blogs_controller.rb:44
Redirected to http://localhost:3000/my_blogs/1
Completed 302 Found in 6ms (ActiveRecord: 2.7ms)


Started GET "/my_blogs/1" for 127.0.0.1 at 2018-10-26 15:01:18 +0800
Processing by MyBlogsController#show as HTML
  Parameters: {"id"=>"1"}
  [1m[36mMyBlog Load (0.1ms)[0m  [1m[34mSELECT  "my_blogs".* FROM "my_blogs" WHERE "my_blogs"."id" = ? LIMIT ?[0m  [["id", 1], ["LIMIT", 1]]
  ↳ app/controllers/my_blogs_controller.rb:67
  Rendering my_blogs/show.html.erb within layouts/application
  Rendered my_blogs/show.html.erb within layouts/application (0.6ms)
Completed 200 OK in 21ms (Views: 17.8ms | ActiveRecord: 0.1ms)


Started GET "/my_blogs/1" for 127.0.0.1 at 2018-10-29 11:57:51 +0800
Processing by MyBlogsController#show as HTML
  Parameters: {"id"=>"1"}
  [1m[36mMyBlog Load (0.6ms)[0m  [1m[34mSELECT  "my_blogs".* FROM "my_blogs" WHERE "my_blogs"."id" = ? LIMIT ?[0m  [["id", 1], ["LIMIT", 1]]
  ↳ app/controllers/my_blogs_controller.rb:67
  Rendering my_blogs/show.html.erb within layouts/application
  Rendered my_blogs/show.html.erb within layouts/application (26.6ms)
Completed 200 OK in 173ms (Views: 145.0ms | ActiveRecord: 0.6ms)


Started GET "/my_blogs/1/edit" for 127.0.0.1 at 2018-10-29 11:57:54 +0800
Processing by MyBlogsController#edit as HTML
  Parameters: {"id"=>"1"}
  [1m[36mMyBlog Load (0.5ms)[0m  [1m[34mSELECT  "my_blogs".* FROM "my_blogs" WHERE "my_blogs"."id" = ? LIMIT ?[0m  [["id", 1], ["LIMIT", 1]]
  ↳ app/controllers/my_blogs_controller.rb:67
  Rendering my_blogs/edit.html.erb within layouts/application
  Rendered my_blogs/_form.html.erb (6.5ms)
  Rendered my_blogs/edit.html.erb within layouts/application (10.2ms)
Completed 200 OK in 67ms (Views: 60.7ms | ActiveRecord: 0.5ms)


Started GET "/my_blogs/1" for 127.0.0.1 at 2018-10-29 11:57:57 +0800
Processing by MyBlogsController#show as HTML
  Parameters: {"id"=>"1"}
  [1m[36mMyBlog Load (0.3ms)[0m  [1m[34mSELECT  "my_blogs".* FROM "my_blogs" WHERE "my_blogs"."id" = ? LIMIT ?[0m  [["id", 1], ["LIMIT", 1]]
  ↳ app/controllers/my_blogs_controller.rb:67
  Rendering my_blogs/show.html.erb within layouts/application
  Rendered my_blogs/show.html.erb within layouts/application (2.5ms)
Completed 200 OK in 49ms (Views: 42.3ms | ActiveRecord: 0.3ms)


